<?xml version="1.0" encoding="UTF-8"?>
<!-- Generated by org.testng.reporters.JUnitReportReporter -->
<testsuite hostname="QW74751" name="com.stockAcc.POM.logintc" tests="1" failures="0" timestamp="4 Aug 2016 05:21:26 GMT" time="12.821" errors="0">
  <testcase name="login" time="12.821" classname="com.stockAcc.POM.logintc"/>
</testsuite> <!-- com.stockAcc.POM.logintc -->
