<?xml version="1.0" encoding="UTF-8"?>
<!-- Generated by org.testng.reporters.JUnitReportReporter -->
<testsuite hostname="QW74751" name="com.stockAcc.Test.testngsupplier" tests="1" failures="0" timestamp="1 Aug 2016 07:25:30 GMT" time="16.955" errors="0">
  <testcase name="stockAcc_suppctrn" time="16.955" classname="com.stockAcc.Test.testngsupplier"/>
</testsuite> <!-- com.stockAcc.Test.testngsupplier -->
